Build started 2012/12/8 下午 9:56:57.
     1>Project "C:\Users\wuziqi\Documents\GitHub\Data-Mining\Data Mine 1\Data Mine 1\Data Mine 1.vcxproj" on node 2 (build target(s)).
     1>InitializeBuildStatus:
         Creating "Debug\Data Mine 1.unsuccessfulbuild" because "AlwaysCreate" was specified.
       ClCompile:
         C:\Microsoft Visual Studio 10.0\VC\bin\CL.exe /c /ZI /nologo /W3 /WX- /Od /Oy- /D WIN32 /D _DEBUG /D _CONSOLE /D _UNICODE /D UNICODE /Gm /EHsc /RTC1 /MDd /GS /fp:precise /Zc:wchar_t /Zc:forScope /Fo"Debug\\" /Fd"Debug\vc100.pdb" /Gd /TP /analyze- /errorReport:prompt MathDistanceCalculator.cpp
         MathDistanceCalculator.cpp
     1>c:\users\wuziqi\documents\github\data-mining\data mine 1\data mine 1\mathdistancecalculator.cpp(9): warning C4018: '<' : signed/unsigned mismatch
       ManifestResourceCompile:
         All outputs are up-to-date.
       Link:
         C:\Microsoft Visual Studio 10.0\VC\bin\link.exe /ERRORREPORT:PROMPT /OUT:"C:\Users\wuziqi\Documents\GitHub\Data-Mining\Data Mine 1\Debug\Data Mine 1.exe" /INCREMENTAL /NOLOGO kernel32.lib user32.lib gdi32.lib winspool.lib comdlg32.lib advapi32.lib shell32.lib ole32.lib oleaut32.lib uuid.lib odbc32.lib odbccp32.lib /MANIFEST /ManifestFile:"Debug\Data Mine 1.exe.intermediate.manifest" /MANIFESTUAC:"level='asInvoker' uiAccess='false'" /DEBUG /PDB:"C:\Users\wuziqi\Documents\GitHub\Data-Mining\Data Mine 1\Debug\Data Mine 1.pdb" /SUBSYSTEM:CONSOLE /TLBID:1 /DYNAMICBASE /NXCOMPAT /IMPLIB:"C:\Users\wuziqi\Documents\GitHub\Data-Mining\Data Mine 1\Debug\Data Mine 1.lib" /MACHINE:X86 "Debug\Data Mine 1.exe.embed.manifest.res"
         Debug\main.obj
         Debug\MathDistanceCalculator.obj
         Debug\Person.obj
       Manifest:
         C:\Program Files\Microsoft SDKs\Windows\v7.0A\bin\mt.exe /nologo /verbose /out:"Debug\Data Mine 1.exe.embed.manifest" /manifest "Debug\Data Mine 1.exe.intermediate.manifest"
         All outputs are up-to-date.
       LinkEmbedManifest:
         All outputs are up-to-date.
         Data Mine 1.vcxproj -> C:\Users\wuziqi\Documents\GitHub\Data-Mining\Data Mine 1\Debug\Data Mine 1.exe
       FinalizeBuildStatus:
         Deleting file "Debug\Data Mine 1.unsuccessfulbuild".
         Touching "Debug\Data Mine 1.lastbuildstate".
     1>Done Building Project "C:\Users\wuziqi\Documents\GitHub\Data-Mining\Data Mine 1\Data Mine 1\Data Mine 1.vcxproj" (build target(s)).

Build succeeded.

Time Elapsed 00:00:02.17
